0 verbose cli /usr/local/bin/node /usr/local/bin/npm
1 info using npm@10.9.2
2 info using node@v22.14.0
3 silly config load:file:/usr/local/lib/node_modules/npm/npmrc
4 silly config load:file:/Users/ntwenny/Programming/Convergent/travel/DAM-Travel/frontend/.npmrc
5 silly config load:file:/Users/ntwenny/.npmrc
6 silly config load:file:/usr/local/etc/npmrc
7 verbose title npm list nativewind
8 verbose argv "list" "nativewind"
9 verbose logfile logs-max:10 dir:/Users/ntwenny/Programming/Convergent/travel/DAM-Travel/frontend/.npm-cache/_logs/2025-10-29T00_24_46_187Z-
10 verbose logfile /Users/ntwenny/Programming/Convergent/travel/DAM-Travel/frontend/.npm-cache/_logs/2025-10-29T00_24_46_187Z-debug-0.log
11 silly logfile start cleaning logs, removing 1 files
12 silly packumentCache heap:4345298944 maxSize:1086324736 maxEntrySize:543162368
13 silly logfile done cleaning log files
14 verbose cwd /Users/ntwenny/Programming/Convergent/travel/DAM-Travel/frontend
15 verbose os Darwin 24.6.0
16 verbose node v22.14.0
17 verbose npm  v10.9.2
18 verbose exit 0
19 info ok
